<?xml version="1.0" encoding="UTF-8"?>
<!-- Generated by org.testng.reporters.JUnitReportReporter -->
<testsuite hostname="Victoria-G" failures="0" tests="1" name="shopWebPage.BAU_TC201" time="25.766" errors="0" timestamp="2022-04-02T10:02:33 EDT" skipped="0">
  <testcase classname="shopWebPage.BAU_TC201" name="Test" time="25.766"/>
  <system-out/>
</testsuite> <!-- shopWebPage.BAU_TC201 -->
