<?xml version="1.0" encoding="UTF-8"?>
<!-- Generated by org.testng.reporters.JUnitReportReporter -->
<testsuite hostname="Janejiras-MacBook-Air.local" failures="0" tests="1" name="practice.DemoSite_Register" time="8.475" errors="0" timestamp="2022-03-22T13:18:32 EDT" skipped="0">
  <testcase classname="practice.DemoSite_Register" name="register" time="8.475"/>
  <system-out/>
</testsuite> <!-- practice.DemoSite_Register -->
