<?xml version="1.0" encoding="UTF-8"?>
<!-- Generated by org.testng.reporters.JUnitReportReporter -->
<testsuite hostname="DESKTOP-ED1MS3I" failures="0" tests="1" name="practice.DemoSite_Register" time="6.962" errors="0" timestamp="2022-03-22T18:41:06 EDT" skipped="0">
  <testcase classname="practice.DemoSite_Register" name="register" time="6.962"/>
  <system-out/>
</testsuite> <!-- practice.DemoSite_Register -->
