<?xml version="1.0" encoding="UTF-8"?>
<!-- Generated by org.testng.reporters.JUnitReportReporter -->
<testsuite hostname="Phanuwats-MBP.fios-router.home" failures="0" tests="1" name="practice.OpenGoogle" time="13.020" errors="0" timestamp="2022-03-19T17:32:46 EDT" skipped="0">
  <testcase classname="practice.OpenGoogle" name="test001" time="13.020"/>
  <system-out/>
</testsuite> <!-- practice.OpenGoogle -->
