<?xml version="1.0" encoding="UTF-8"?>
<!-- Generated by org.testng.reporters.JUnitReportReporter -->
<testsuite skipped="0" hostname="Phanuwats-MBP.fios-router.home" name="practice.OpenGoogle" tests="1" failures="0" timestamp="2022-03-20T04:04:43 EDT" time="15.988" errors="0">
  <testcase name="test001" time="15.988" classname="practice.OpenGoogle"/>
  <system-out/>
</testsuite> <!-- practice.OpenGoogle -->
