<?xml version="1.0" encoding="UTF-8"?>
<!-- Generated by org.testng.reporters.JUnitReportReporter -->
<testsuite skipped="0" hostname="Phanuwats-MBP.fios-router.home" name="practice.DemoSite_Register" tests="1" failures="0" timestamp="2022-03-22T21:19:01 EDT" time="34.904" errors="0">
  <testcase name="register" time="34.904" classname="practice.DemoSite_Register"/>
  <system-out/>
</testsuite> <!-- practice.DemoSite_Register -->
