<?xml version="1.0" encoding="UTF-8"?>
<!-- Generated by org.testng.reporters.JUnitReportReporter -->
<testsuite hostname="WatcharpongsMBP" failures="0" tests="1" name="practice.DemoSite_Register" time="4.623" errors="0" timestamp="2022-03-22T17:11:01 EDT" skipped="0">
  <testcase classname="practice.DemoSite_Register" name="register" time="4.623"/>
  <system-out/>
</testsuite> <!-- practice.DemoSite_Register -->
