<?xml version="1.0" encoding="UTF-8"?>
<!-- Generated by org.testng.reporters.JUnitReportReporter -->
<testsuite hostname="Phanuwats-MBP.fios-router.home" failures="0" tests="1" name="practice.OpenGoogle" time="14.338" errors="0" timestamp="2022-03-19T21:28:44 EDT" skipped="0">
  <testcase classname="practice.OpenGoogle" name="test001" time="14.338"/>
  <system-out/>
</testsuite> <!-- practice.OpenGoogle -->
