<?xml version="1.0" encoding="UTF-8"?>
<!-- Generated by org.testng.reporters.JUnitReportReporter -->
<<<<<<< HEAD
<<<<<<< HEAD
<testsuite hostname="DESKTOP-ED1MS3I" failures="0" tests="1" name="practice.DemoSite_Register" time="6.962" errors="0" timestamp="2022-03-22T18:41:06 EDT" skipped="0">
  <testcase classname="practice.DemoSite_Register" name="register" time="6.962"/>
=======
<testsuite hostname="Janejiras-MacBook-Air.local" failures="0" tests="1" name="practice.DemoSite_Register" time="8.475" errors="0" timestamp="2022-03-22T13:18:32 EDT" skipped="0">
  <testcase classname="practice.DemoSite_Register" name="register" time="8.475"/>
>>>>>>> main
=======
<testsuite skipped="0" hostname="Phanuwats-MBP.fios-router.home" name="practice.DemoSite_Register" tests="1" failures="0" timestamp="2022-03-22T21:19:01 EDT" time="34.904" errors="0">
  <testcase name="register" time="34.904" classname="practice.DemoSite_Register"/>
=======
<testsuite hostname="WatcharpongsMBP" failures="0" tests="1" name="practice.DemoSite_Register" time="4.623" errors="0" timestamp="2022-03-22T17:11:01 EDT" skipped="0">
  <testcase classname="practice.DemoSite_Register" name="register" time="4.623"/>
>>>>>>> 68e44651c3fd6a86e7a5e292881a925b27a07215
>>>>>>> main
  <system-out/>
</testsuite> <!-- practice.DemoSite_Register -->
