<?xml version="1.0" encoding="UTF-8"?>
<!-- Generated by org.testng.reporters.JUnitReportReporter -->
<testsuite skipped="0" hostname="Phanuwats-MacBook-Pro.local" name="practice.DemoSite_Register" tests="1" failures="0" timestamp="2022-03-23T02:17:18 EDT" time="13.182" errors="0">
  <testcase name="register" time="13.182" classname="practice.DemoSite_Register"/>
  <system-out/>
</testsuite> <!-- practice.DemoSite_Register -->
