<?xml version="1.0" encoding="UTF-8"?>
<!-- Generated by org.testng.reporters.JUnitReportReporter -->
<<<<<<< HEAD
<testsuite hostname="LAPTOP-594MHI8O" failures="0" tests="1" name="practice.DemoSite_Register" time="5.773" errors="0" timestamp="2022-03-22T17:17:12 EDT" skipped="0">
  <testcase classname="practice.DemoSite_Register" name="register" time="5.773"/>
=======
<testsuite skipped="0" hostname="Phanuwats-MacBook-Pro.local" name="practice.DemoSite_Register" tests="1" failures="0" timestamp="2022-03-23T02:04:21 EDT" time="12.090" errors="0">
  <testcase name="register" time="12.090" classname="practice.DemoSite_Register"/>
>>>>>>> main
  <system-out/>
</testsuite> <!-- practice.DemoSite_Register -->
