<?xml version="1.0" encoding="UTF-8"?>
<!-- Generated by org.testng.reporters.JUnitReportReporter -->
<testsuite hostname="LAPTOP-594MHI8O" failures="0" tests="1" name="practice.DemoSite_Register" time="5.773" errors="0" timestamp="2022-03-22T17:17:12 EDT" skipped="0">
  <testcase classname="practice.DemoSite_Register" name="register" time="5.773"/>
  <system-out/>
</testsuite> <!-- practice.DemoSite_Register -->
