<?xml version="1.0" encoding="UTF-8"?>
<!-- Generated by org.testng.reporters.JUnitReportReporter -->
<testsuite hostname="DESKTOP-LGO5BEJ" failures="0" tests="1" name="practice.DemoSite_Register" time="9.476" errors="0" timestamp="2022-03-23T21:25:33 EDT" skipped="0">
  <testcase classname="practice.DemoSite_Register" name="register" time="9.476"/>
  <system-out/>
</testsuite> <!-- practice.DemoSite_Register -->
